[0.015s] Invoking command in '/home/harsh/rover_project/build/mobile_robot': CMAKE_PREFIX_PATH=${CMAKE_PREFIX_PATH}:/opt/ros/humble /usr/bin/cmake --build /home/harsh/rover_project/build/mobile_robot -- -j8 -l8
[0.053s] -- Found ament_cmake: 1.3.11 (/opt/ros/humble/share/ament_cmake/cmake)
[0.191s] -- Found rclcpp: 16.0.11 (/opt/ros/humble/share/rclcpp/cmake)
[0.216s] -- Found rosidl_generator_c: 3.1.6 (/opt/ros/humble/share/rosidl_generator_c/cmake)
[0.219s] -- Found rosidl_adapter: 3.1.6 (/opt/ros/humble/share/rosidl_adapter/cmake)
[0.225s] -- Found rosidl_generator_cpp: 3.1.6 (/opt/ros/humble/share/rosidl_generator_cpp/cmake)
[0.233s] -- Using all available rosidl_typesupport_c: rosidl_typesupport_fastrtps_c;rosidl_typesupport_introspection_c
[0.245s] -- Using all available rosidl_typesupport_cpp: rosidl_typesupport_fastrtps_cpp;rosidl_typesupport_introspection_cpp
[0.275s] -- Found rmw_implementation_cmake: 6.1.2 (/opt/ros/humble/share/rmw_implementation_cmake/cmake)
[0.275s] -- Found rmw_fastrtps_cpp: 6.2.7 (/opt/ros/humble/share/rmw_fastrtps_cpp/cmake)
[0.394s] -- Using RMW implementation 'rmw_fastrtps_cpp' as default
[0.441s] -- Found geometry_msgs: 4.2.4 (/opt/ros/humble/share/geometry_msgs/cmake)
[0.452s] -- Found ament_lint_auto: 0.12.11 (/opt/ros/humble/share/ament_lint_auto/cmake)
[0.540s] -- Added test 'cppcheck' to perform static code analysis on C / C++ code
[0.540s] -- Configured cppcheck include dirs: 
[0.540s] -- Configured cppcheck exclude dirs and/or files: 
[0.540s] -- Added test 'flake8' to check Python code syntax and style conventions
[0.541s] -- Added test 'lint_cmake' to check CMake code style
[0.542s] -- Added test 'pep257' to check Python code against some of the docstring style conventions in PEP 257
[0.543s] -- Added test 'uncrustify' to check C / C++ code style
[0.543s] -- Configured uncrustify additional arguments: 
[0.544s] -- Added test 'xmllint' to check XML markup files
[0.546s] -- Configuring done
[0.564s] -- Generating done
[0.569s] -- Build files have been written to: /home/harsh/rover_project/build/mobile_robot
[0.611s] [35m[1mConsolidate compiler generated dependencies of target coordinate_input_node[0m
[0.635s] [ 50%] [32mBuilding CXX object CMakeFiles/coordinate_input_node.dir/src/coordinate_input_node.cpp.o[0m
[3.694s] [01m[K/home/harsh/rover_project/src/mobile_robot/src/coordinate_input_node.cpp:24:52:[m[K [01;31m[Kerror: [m[Kâ€˜[01m[KFloat64MultiArray[m[Kâ€™ in namespace â€˜[01m[Kstd_msgs::msg[m[Kâ€™ does not name a type
[3.694s]    24 |     void coordinates_callback(const std_msgs::msg::[01;31m[KFloat64MultiArray[m[K::SharedPtr msg)
[3.694s]       |                                                    [01;31m[K^~~~~~~~~~~~~~~~~[m[K
[3.694s] [01m[K/home/harsh/rover_project/src/mobile_robot/src/coordinate_input_node.cpp:24:81:[m[K [01;31m[Kerror: [m[Kexpected unqualified-id before â€˜[01m[Kmsg[m[Kâ€™
[3.694s]    24 |     void coordinates_callback(const std_msgs::msg::Float64MultiArray::SharedPtr [01;31m[Kmsg[m[K)
[3.694s]       |                                                                                 [01;31m[K^~~[m[K
[3.694s] [01m[K/home/harsh/rover_project/src/mobile_robot/src/coordinate_input_node.cpp:24:80:[m[K [01;31m[Kerror: [m[Kexpected â€˜[01m[K)[m[Kâ€™ before â€˜[01m[Kmsg[m[Kâ€™
[3.694s]    24 |     void coordinates_callback[34m[K([m[Kconst std_msgs::msg::Float64MultiArray::SharedPtr[01;31m[K [m[K[32m[Kmsg[m[K)
[3.694s]       |                              [34m[K~[m[K                                                 [01;31m[K^[m[K[32m[K~~~[m[K
[3.694s]       |                                                                                [32m[K)[m[K
[3.695s] [01m[K/home/harsh/rover_project/src/mobile_robot/src/coordinate_input_node.cpp:24:71:[m[K [01;31m[Kerror: [m[Kexpected â€˜[01m[K;[m[Kâ€™ at end of member declaration
[3.695s]    24 |     void coordinates_callback(const std_msgs::msg::Float64MultiArray::[01;31m[KSharedPtr[m[K msg)
[3.695s]       |                                                                       [01;31m[K^~~~~~~~~[m[K
[3.695s]       |                                                                                [32m[K;[m[K
[3.696s] [01m[K/home/harsh/rover_project/src/mobile_robot/src/coordinate_input_node.cpp:24:81:[m[K [01;31m[Kerror: [m[Kâ€˜[01m[Kmsg[m[Kâ€™ does not name a type
[3.696s]    24 |     void coordinates_callback(const std_msgs::msg::Float64MultiArray::SharedPtr [01;31m[Kmsg[m[K)
[3.696s]       |                                                                                 [01;31m[K^~~[m[K
[3.697s] [01m[K/home/harsh/rover_project/src/mobile_robot/src/coordinate_input_node.cpp:68:41:[m[K [01;31m[Kerror: [m[Kâ€˜[01m[KFloat64MultiArray[m[Kâ€™ is not a member of â€˜[01m[Kstd_msgs::msg[m[Kâ€™
[3.697s]    68 |     rclcpp::Subscription<std_msgs::msg::[01;31m[KFloat64MultiArray[m[K>::SharedPtr coordinates_sub_;
[3.697s]       |                                         [01;31m[K^~~~~~~~~~~~~~~~~[m[K
[3.697s] [01m[K/home/harsh/rover_project/src/mobile_robot/src/coordinate_input_node.cpp:68:58:[m[K [01;31m[Kerror: [m[Ktemplate argument 1 is invalid
[3.697s]    68 |     rclcpp::Subscription<std_msgs::msg::Float64MultiArray[01;31m[K>[m[K::SharedPtr coordinates_sub_;
[3.697s]       |                                                          [01;31m[K^[m[K
[3.697s] [01m[K/home/harsh/rover_project/src/mobile_robot/src/coordinate_input_node.cpp:68:58:[m[K [01;31m[Kerror: [m[Ktemplate argument 3 is invalid
[3.697s] [01m[K/home/harsh/rover_project/src/mobile_robot/src/coordinate_input_node.cpp:68:58:[m[K [01;31m[Kerror: [m[Ktemplate argument 4 is invalid
[3.697s] [01m[K/home/harsh/rover_project/src/mobile_robot/src/coordinate_input_node.cpp:68:58:[m[K [01;31m[Kerror: [m[Ktemplate argument 5 is invalid
[3.697s] [01m[K/home/harsh/rover_project/src/mobile_robot/src/coordinate_input_node.cpp:68:61:[m[K [01;31m[Kerror: [m[Kexpected â€˜[01m[K;[m[Kâ€™ at end of member declaration
[3.697s]    68 |     rclcpp::Subscription<std_msgs::msg::Float64MultiArray>::[01;31m[KSharedPtr[m[K coordinates_sub_;
[3.697s]       |                                                             [01;31m[K^~~~~~~~~[m[K
[3.697s]       |                                                                      [32m[K;[m[K
[3.699s] [01m[K/home/harsh/rover_project/src/mobile_robot/src/coordinate_input_node.cpp:68:71:[m[K [01;31m[Kerror: [m[Kâ€˜[01m[Kcoordinates_sub_[m[Kâ€™ does not name a type
[3.699s]    68 |     rclcpp::Subscription<std_msgs::msg::Float64MultiArray>::SharedPtr [01;31m[Kcoordinates_sub_[m[K;
[3.699s]       |                                                                       [01;31m[K^~~~~~~~~~~~~~~~[m[K
[3.713s] [01m[K/home/harsh/rover_project/src/mobile_robot/src/coordinate_input_node.cpp:[m[K In constructor â€˜[01m[KCoordinateInputNode::CoordinateInputNode()[m[Kâ€™:
[3.713s] [01m[K/home/harsh/rover_project/src/mobile_robot/src/coordinate_input_node.cpp:13:9:[m[K [01;31m[Kerror: [m[Kâ€˜[01m[Kcoordinates_sub_[m[Kâ€™ was not declared in this scope; did you mean â€˜[01m[Kcoordinates_callback[m[Kâ€™?
[3.713s]    13 |         [01;31m[Kcoordinates_sub_[m[K = this->create_subscription<std_msgs::msg::Float64MultiArray>(
[3.713s]       |         [01;31m[K^~~~~~~~~~~~~~~~[m[K
[3.713s]       |         [32m[Kcoordinates_callback[m[K
[3.713s] [01m[K/home/harsh/rover_project/src/mobile_robot/src/coordinate_input_node.cpp:13:69:[m[K [01;31m[Kerror: [m[Kâ€˜[01m[KFloat64MultiArray[m[Kâ€™ is not a member of â€˜[01m[Kstd_msgs::msg[m[Kâ€™
[3.714s]    13 |         coordinates_sub_ = this->create_subscription<std_msgs::msg::[01;31m[KFloat64MultiArray[m[K>(
[3.714s]       |                                                                     [01;31m[K^~~~~~~~~~~~~~~~~[m[K
[3.720s] [01m[K/home/harsh/rover_project/src/mobile_robot/src/coordinate_input_node.cpp:13:87:[m[K [01;31m[Kerror: [m[Kno matching function for call to â€˜[01m[KCoordinateInputNode::create_subscription<<expression error> >(const char [19], int, std::_Bind_helper<false, void (CoordinateInputNode::*)(...), CoordinateInputNode*, const std::_Placeholder<1>&>::type)[m[Kâ€™
[3.720s]    13 |         coordinates_sub_ = [01;31m[Kthis->create_subscription<std_msgs::msg::Float64MultiArray>([m[K
[3.720s]       |                            [01;31m[K~~~~~~~~~~~~~~~~~~~~~~~~~~~~~~~~~~~~~~~~~~~~~~~~~~~~~~~~~~~^[m[K
[3.720s]    14 | [01;31m[K            "/coordinates_input", 10, std::bind(&CoordinateInputNode::coordinates_callback, this, std::placeholders::_1))[m[K;
[3.720s]       |             [01;31m[K~~~~~~~~~~~~~~~~~~~~~~~~~~~~~~~~~~~~~~~~~~~~~~~~~~~~~~~~~~~~~~~~~~~~~~~~~~~~~~~~~~~~~~~~~~~~~~~~~~~~~~~~~~~~~[m[K
[3.720s] In file included from [01m[K/opt/ros/humble/include/rclcpp/rclcpp/executors/single_threaded_executor.hpp:28[m[K,
[3.720s]                  from [01m[K/opt/ros/humble/include/rclcpp/rclcpp/executors.hpp:22[m[K,
[3.720s]                  from [01m[K/opt/ros/humble/include/rclcpp/rclcpp/rclcpp.hpp:155[m[K,
[3.720s]                  from [01m[K/home/harsh/rover_project/src/mobile_robot/src/coordinate_input_node.cpp:1[m[K:
[3.720s] [01m[K/opt/ros/humble/include/rclcpp/rclcpp/node.hpp:219:3:[m[K [01;36m[Knote: [m[Kcandidate: â€˜[01m[Ktemplate<class MessageT, class CallbackT, class AllocatorT, class SubscriptionT, class MessageMemoryStrategyT> std::shared_ptr<ROSMessageT> rclcpp::Node::create_subscription(const string&, const rclcpp::QoS&, CallbackT&&, const rclcpp::SubscriptionOptionsWithAllocator<AllocatorT>&, typename MessageMemoryStrategyT::SharedPtr)[m[Kâ€™
[3.720s]   219 |   [01;36m[Kcreate_subscription[m[K(
[3.720s]       |   [01;36m[K^~~~~~~~~~~~~~~~~~~[m[K
[3.720s] [01m[K/opt/ros/humble/include/rclcpp/rclcpp/node.hpp:219:3:[m[K [01;36m[Knote: [m[K  template argument deduction/substitution failed:
[3.721s] [01m[K/home/harsh/rover_project/src/mobile_robot/src/coordinate_input_node.cpp:13:87:[m[K [01;31m[Kerror: [m[Ktemplate argument 1 is invalid
[3.721s]    13 |         coordinates_sub_ = [01;31m[Kthis->create_subscription<std_msgs::msg::Float64MultiArray>([m[K
[3.721s]       |                            [01;31m[K~~~~~~~~~~~~~~~~~~~~~~~~~~~~~~~~~~~~~~~~~~~~~~~~~~~~~~~~~~~^[m[K
[3.721s]    14 | [01;31m[K            "/coordinates_input", 10, std::bind(&CoordinateInputNode::coordinates_callback, this, std::placeholders::_1))[m[K;
[3.721s]       |             [01;31m[K~~~~~~~~~~~~~~~~~~~~~~~~~~~~~~~~~~~~~~~~~~~~~~~~~~~~~~~~~~~~~~~~~~~~~~~~~~~~~~~~~~~~~~~~~~~~~~~~~~~~~~~~~~~~~[m[K
[4.737s] gmake[2]: *** [CMakeFiles/coordinate_input_node.dir/build.make:76: CMakeFiles/coordinate_input_node.dir/src/coordinate_input_node.cpp.o] Error 1
[4.737s] gmake[1]: *** [CMakeFiles/Makefile2:137: CMakeFiles/coordinate_input_node.dir/all] Error 2
[4.738s] gmake: *** [Makefile:146: all] Error 2
[4.742s] Invoked command in '/home/harsh/rover_project/build/mobile_robot' returned '2': CMAKE_PREFIX_PATH=${CMAKE_PREFIX_PATH}:/opt/ros/humble /usr/bin/cmake --build /home/harsh/rover_project/build/mobile_robot -- -j8 -l8
