[0.024s] Invoking command in '/home/harsh/rover_project/build/mobile_robot': CMAKE_PREFIX_PATH=${CMAKE_PREFIX_PATH}:/opt/ros/humble /usr/bin/cmake --build /home/harsh/rover_project/build/mobile_robot -- -j8 -l8
[0.122s] -- Found ament_cmake: 1.3.11 (/opt/ros/humble/share/ament_cmake/cmake)
[0.423s] -- Found rclcpp: 16.0.11 (/opt/ros/humble/share/rclcpp/cmake)
[0.538s] -- Found rosidl_generator_c: 3.1.6 (/opt/ros/humble/share/rosidl_generator_c/cmake)
[0.547s] -- Found rosidl_adapter: 3.1.6 (/opt/ros/humble/share/rosidl_adapter/cmake)
[0.567s] -- Found rosidl_generator_cpp: 3.1.6 (/opt/ros/humble/share/rosidl_generator_cpp/cmake)
[0.593s] -- Using all available rosidl_typesupport_c: rosidl_typesupport_fastrtps_c;rosidl_typesupport_introspection_c
[0.625s] -- Using all available rosidl_typesupport_cpp: rosidl_typesupport_fastrtps_cpp;rosidl_typesupport_introspection_cpp
[0.715s] -- Found rmw_implementation_cmake: 6.1.2 (/opt/ros/humble/share/rmw_implementation_cmake/cmake)
[0.720s] -- Found rmw_fastrtps_cpp: 6.2.7 (/opt/ros/humble/share/rmw_fastrtps_cpp/cmake)
[0.974s] -- Using RMW implementation 'rmw_fastrtps_cpp' as default
[1.138s] -- Found ament_lint_auto: 0.12.11 (/opt/ros/humble/share/ament_lint_auto/cmake)
[1.302s] -- Added test 'cppcheck' to perform static code analysis on C / C++ code
[1.302s] -- Configured cppcheck include dirs: 
[1.302s] -- Configured cppcheck exclude dirs and/or files: 
[1.304s] -- Added test 'flake8' to check Python code syntax and style conventions
[1.305s] -- Added test 'lint_cmake' to check CMake code style
[1.306s] -- Added test 'pep257' to check Python code against some of the docstring style conventions in PEP 257
[1.309s] -- Added test 'uncrustify' to check C / C++ code style
[1.309s] -- Configured uncrustify additional arguments: 
[1.310s] -- Added test 'xmllint' to check XML markup files
[1.314s] -- Configuring done
[1.346s] -- Generating done
[1.357s] -- Build files have been written to: /home/harsh/rover_project/build/mobile_robot
[1.426s] [ 25%] [32mBuilding CXX object CMakeFiles/gps_info.dir/src/gps_info.cpp.o[0m
[1.438s] [35m[1mConsolidate compiler generated dependencies of target coordinate_input_node[0m
[1.475s] [ 75%] Built target coordinate_input_node
[2.318s] [01m[K/home/harsh/rover_project/src/mobile_robot/src/gps_info.cpp:2:10:[m[K [01;31m[Kfatal error: [m[Ksensor_msgs/msg/nav_sat_fix.hpp: No such file or directory
[2.319s]     2 | #include [01;31m[K"sensor_msgs/msg/nav_sat_fix.hpp"[m[K
[2.319s]       |          [01;31m[K^~~~~~~~~~~~~~~~~~~~~~~~~~~~~~~~~[m[K
[2.319s] compilation terminated.
[2.325s] gmake[2]: *** [CMakeFiles/gps_info.dir/build.make:76: CMakeFiles/gps_info.dir/src/gps_info.cpp.o] Error 1
[2.325s] gmake[1]: *** [CMakeFiles/Makefile2:165: CMakeFiles/gps_info.dir/all] Error 2
[2.325s] gmake: *** [Makefile:146: all] Error 2
[2.330s] Invoked command in '/home/harsh/rover_project/build/mobile_robot' returned '2': CMAKE_PREFIX_PATH=${CMAKE_PREFIX_PATH}:/opt/ros/humble /usr/bin/cmake --build /home/harsh/rover_project/build/mobile_robot -- -j8 -l8
