[0.015s] Invoking command in '/home/harsh/rover_project/build/mobile_robot': /usr/bin/cmake --build /home/harsh/rover_project/build/mobile_robot -- -j8 -l8
[0.053s] -- Found ament_cmake: 1.3.11 (/opt/ros/humble/share/ament_cmake/cmake)
[0.193s] -- Found rclcpp: 16.0.11 (/opt/ros/humble/share/rclcpp/cmake)
[0.221s] -- Found rosidl_generator_c: 3.1.6 (/opt/ros/humble/share/rosidl_generator_c/cmake)
[0.223s] -- Found rosidl_adapter: 3.1.6 (/opt/ros/humble/share/rosidl_adapter/cmake)
[0.228s] -- Found rosidl_generator_cpp: 3.1.6 (/opt/ros/humble/share/rosidl_generator_cpp/cmake)
[0.238s] -- Using all available rosidl_typesupport_c: rosidl_typesupport_fastrtps_c;rosidl_typesupport_introspection_c
[0.250s] -- Using all available rosidl_typesupport_cpp: rosidl_typesupport_fastrtps_cpp;rosidl_typesupport_introspection_cpp
[0.281s] -- Found rmw_implementation_cmake: 6.1.2 (/opt/ros/humble/share/rmw_implementation_cmake/cmake)
[0.282s] -- Found rmw_fastrtps_cpp: 6.2.7 (/opt/ros/humble/share/rmw_fastrtps_cpp/cmake)
[0.400s] -- Using RMW implementation 'rmw_fastrtps_cpp' as default
[0.444s] -- Found geometry_msgs: 4.2.4 (/opt/ros/humble/share/geometry_msgs/cmake)
[0.457s] -- Found ament_lint_auto: 0.12.11 (/opt/ros/humble/share/ament_lint_auto/cmake)
[0.514s] Error parsing '/home/harsh/rover_project/src/mobile_robot/package.xml':
[0.568s] Traceback (most recent call last):
[0.569s]   File "/opt/ros/humble/share/ament_cmake_core/cmake/core/package_xml_2_cmake.py", line 150, in <module>
[0.569s]     main()
[0.569s]   File "/opt/ros/humble/share/ament_cmake_core/cmake/core/package_xml_2_cmake.py", line 53, in main
[0.569s]     raise e
[0.569s]   File "/opt/ros/humble/share/ament_cmake_core/cmake/core/package_xml_2_cmake.py", line 49, in main
[0.569s]     package = parse_package_string(
[0.570s]   File "/usr/lib/python3/dist-packages/catkin_pkg/package.py", line 786, in parse_package_string
[0.570s]     raise InvalidPackage('Error(s):%s' % (''.join(['\n- %s' % e for e in errors])), filename)
[0.570s] catkin_pkg.package.InvalidPackage: Error(s) in package '/home/harsh/rover_project/src/mobile_robot/package.xml':
[0.571s] Error(s):
[0.571s] - The generic dependency on 'std_msgs' is redundant with: build_depend, build_export_depend, exec_depend
[0.571s] - The generic dependency on 'geometry_msgs' is redundant with: build_depend, build_export_depend, exec_depend
[0.571s] - The generic dependency on 'nav_msgs' is redundant with: build_depend, build_export_depend, exec_depend
[0.596s] [31mCMake Error at /opt/ros/humble/share/ament_cmake_core/cmake/core/ament_package_xml.cmake:95 (message):
[0.597s]   execute_process(/usr/bin/python3
[0.597s]   /opt/ros/humble/share/ament_cmake_core/cmake/core/package_xml_2_cmake.py
[0.597s]   /home/harsh/rover_project/src/mobile_robot/package.xml
[0.597s]   /home/harsh/rover_project/build/mobile_robot/ament_cmake_core/package.cmake)
[0.597s]   returned error code 1
[0.597s] Call Stack (most recent call first):
[0.597s]   /opt/ros/humble/share/ament_cmake_core/cmake/core/ament_package_xml.cmake:49 (_ament_package_xml)
[0.597s]   /opt/ros/humble/share/ament_lint_auto/cmake/ament_lint_auto_find_test_dependencies.cmake:31 (ament_package_xml)
[0.597s]   CMakeLists.txt:36 (ament_lint_auto_find_test_dependencies)
[0.597s] 
[0.597s] [0m
[0.597s] -- Configuring incomplete, errors occurred!
[0.597s] See also "/home/harsh/rover_project/build/mobile_robot/CMakeFiles/CMakeOutput.log".
[0.611s] gmake: *** [Makefile:267: cmake_check_build_system] Error 1
[0.614s] Invoked command in '/home/harsh/rover_project/build/mobile_robot' returned '2': /usr/bin/cmake --build /home/harsh/rover_project/build/mobile_robot -- -j8 -l8
