[0.023s] Invoking command in '/home/harsh/rover_project/build/mobile_robot': CMAKE_PREFIX_PATH=/opt/ros/humble /usr/bin/cmake --build /home/harsh/rover_project/build/mobile_robot -- -j8 -l8
[0.076s] -- Found ament_cmake: 1.3.11 (/opt/ros/humble/share/ament_cmake/cmake)
[0.380s] -- Found rclcpp: 16.0.11 (/opt/ros/humble/share/rclcpp/cmake)
[0.436s] -- Found rosidl_generator_c: 3.1.6 (/opt/ros/humble/share/rosidl_generator_c/cmake)
[0.440s] -- Found rosidl_adapter: 3.1.6 (/opt/ros/humble/share/rosidl_adapter/cmake)
[0.452s] -- Found rosidl_generator_cpp: 3.1.6 (/opt/ros/humble/share/rosidl_generator_cpp/cmake)
[0.470s] -- Using all available rosidl_typesupport_c: rosidl_typesupport_fastrtps_c;rosidl_typesupport_introspection_c
[0.491s] -- Using all available rosidl_typesupport_cpp: rosidl_typesupport_fastrtps_cpp;rosidl_typesupport_introspection_cpp
[0.544s] -- Found rmw_implementation_cmake: 6.1.2 (/opt/ros/humble/share/rmw_implementation_cmake/cmake)
[0.547s] -- Found rmw_fastrtps_cpp: 6.2.7 (/opt/ros/humble/share/rmw_fastrtps_cpp/cmake)
[0.748s] -- Using RMW implementation 'rmw_fastrtps_cpp' as default
[0.855s] -- Found sensor_msgs: 4.2.4 (/opt/ros/humble/share/sensor_msgs/cmake)
[0.936s] -- Found nav_msgs: 4.2.4 (/opt/ros/humble/share/nav_msgs/cmake)
[0.962s] -- Found ament_lint_auto: 0.12.11 (/opt/ros/humble/share/ament_lint_auto/cmake)
[1.104s] -- Added test 'cppcheck' to perform static code analysis on C / C++ code
[1.104s] -- Configured cppcheck include dirs: 
[1.104s] -- Configured cppcheck exclude dirs and/or files: 
[1.105s] -- Added test 'flake8' to check Python code syntax and style conventions
[1.105s] -- Added test 'lint_cmake' to check CMake code style
[1.106s] -- Added test 'pep257' to check Python code against some of the docstring style conventions in PEP 257
[1.108s] -- Added test 'uncrustify' to check C / C++ code style
[1.108s] -- Configured uncrustify additional arguments: 
[1.109s] -- Added test 'xmllint' to check XML markup files
[1.110s] -- Configuring done
[1.159s] -- Generating done
[1.171s] -- Build files have been written to: /home/harsh/rover_project/build/mobile_robot
[1.235s] [35m[1mConsolidate compiler generated dependencies of target coordinate_input_node[0m
[1.236s] [35m[1mConsolidate compiler generated dependencies of target gps_subscriber[0m
[1.267s] [ 16%] [32mBuilding CXX object CMakeFiles/rover_control_node.dir/src/rover_control_node.cpp.o[0m
[1.273s] [ 33%] [32mBuilding CXX object CMakeFiles/coordinate_input_node.dir/src/coordinate_input_node.cpp.o[0m
[1.275s] [ 50%] [32mBuilding CXX object CMakeFiles/gps_subscriber.dir/src/gps_subscriber.cpp.o[0m
[7.978s] [01m[K/home/harsh/rover_project/src/mobile_robot/src/rover_control_node.cpp:[m[K In constructor â€˜[01m[KRoverControlNode::RoverControlNode()[m[Kâ€™:
[7.978s] [01m[K/home/harsh/rover_project/src/mobile_robot/src/rover_control_node.cpp:20:13:[m[K [01;31m[Kerror: [m[Kunable to find numeric literal operator â€˜[01m[Koperator""ms[m[Kâ€™
[7.978s]    20 |             [01;31m[K100ms[m[K, std::bind(&RoverControlNode::timer_callback, this));
[7.978s]       |             [01;31m[K^~~~~[m[K
[10.053s] [ 66%] [32m[1mLinking CXX executable coordinate_input_node[0m
[10.409s] [ 66%] Built target coordinate_input_node
[10.864s] gmake[2]: *** [CMakeFiles/rover_control_node.dir/build.make:76: CMakeFiles/rover_control_node.dir/src/rover_control_node.cpp.o] Error 1
[10.865s] gmake[1]: *** [CMakeFiles/Makefile2:167: CMakeFiles/rover_control_node.dir/all] Error 2
[10.865s] gmake[1]: *** Waiting for unfinished jobs....
[14.289s] [ 83%] [32m[1mLinking CXX executable gps_subscriber[0m
[14.695s] [ 83%] Built target gps_subscriber
[14.697s] gmake: *** [Makefile:146: all] Error 2
[14.700s] Invoked command in '/home/harsh/rover_project/build/mobile_robot' returned '2': CMAKE_PREFIX_PATH=/opt/ros/humble /usr/bin/cmake --build /home/harsh/rover_project/build/mobile_robot -- -j8 -l8
